Using pre-set license
Built from '2020.3/staging' branch; Version is '2020.3.30f1 (1fb1bf06830e) revision 2077119'; Using compiler version '192528614'; Build Type 'Release'
OS: 'Windows 10  (10.0.19045) 64bit Core' Language: 'ko' Physical Memory: 16269 MB
BatchMode: 1, IsHumanControllingUs: 0, StartBugReporterOnCrash: 0, Is64bit: 1, IsPro: 0

COMMAND LINE ARGUMENTS:
C:\Program Files\Unity 2020.3.30f1\Editor\Unity.exe
-adb2
-batchMode
-noUpm
-name
AssetImportWorker0
-projectPath
C:/Users/박준서/OneDrive/바탕 화면/Myproject_-main/Myproject_-main
-logFile
Logs/AssetImportWorker0.log
-srvPort
65211
Successfully changed project path to: C:/Users/박준서/OneDrive/바탕 화면/Myproject_-main/Myproject_-main
C:/Users/박준서/OneDrive/바탕 화면/Myproject_-main/Myproject_-main
Using Asset Import Pipeline V2.
Refreshing native plugins compatible for Editor in 44.18 ms, found 2 plugins.
Preloading 0 native plugins for Editor in 0.00 ms.
Initialize engine version: 2020.3.30f1 (1fb1bf06830e)
[Subsystems] Discovering subsystems at path C:/Program Files/Unity 2020.3.30f1/Editor/Data/Resources/UnitySubsystems
[Subsystems] Discovering subsystems at path C:/Users/박준서/OneDrive/바탕 화면/Myproject_-main/Myproject_-main/Assets
GfxDevice: creating device client; threaded=0
Direct3D:
    Version:  Direct3D 11.0 [level 11.1]
    Renderer: NVIDIA GeForce GTX 1050 Ti (ID=0x1c8c)
    Vendor:   
    VRAM:     4021 MB
    Driver:   30.0.15.1179
Initialize mono
Mono path[0] = 'C:/Program Files/Unity 2020.3.30f1/Editor/Data/Managed'
Mono path[1] = 'C:/Program Files/Unity 2020.3.30f1/Editor/Data/MonoBleedingEdge/lib/mono/unityjit'
Mono config path = 'C:/Program Files/Unity 2020.3.30f1/Editor/Data/MonoBleedingEdge/etc'
Using monoOptions --debugger-agent=transport=dt_socket,embedding=1,server=y,suspend=n,address=127.0.0.1:56876
Begin MonoManager ReloadAssembly
Registering precompiled unity dll's ...
Register platform support module: C:/Program Files/Unity 2020.3.30f1/Editor/Data/PlaybackEngines/WindowsStandaloneSupport/UnityEditor.WindowsStandalone.Extensions.dll
Registered in 0.002429 seconds.
Native extension for WindowsStandalone target not found
Refreshing native plugins compatible for Editor in 35.89 ms, found 2 plugins.
Preloading 0 native plugins for Editor in 0.00 ms.
Mono: successfully reloaded assembly
- Completed reload, in  0.666 seconds
Domain Reload Profiling:
	ReloadAssembly (666ms)
		BeginReloadAssembly (82ms)
			ExecutionOrderSort (0ms)
			DisableScriptedObjects (0ms)
			BackupInstance (0ms)
			ReleaseScriptingObjects (0ms)
			CreateAndSetChildDomain (1ms)
		EndReloadAssembly (506ms)
			LoadAssemblies (79ms)
			RebuildTransferFunctionScriptingTraits (0ms)
			SetupTypeCache (163ms)
			ReleaseScriptCaches (0ms)
			RebuildScriptCaches (36ms)
			SetupLoadedEditorAssemblies (191ms)
				LogAssemblyErrors (0ms)
				InitializePlatformSupportModulesInManaged (5ms)
				SetLoadedEditorAssemblies (0ms)
				RefreshPlugins (36ms)
				BeforeProcessingInitializeOnLoad (8ms)
				ProcessInitializeOnLoadAttributes (94ms)
				ProcessInitializeOnLoadMethodAttributes (46ms)
				AfterProcessingInitializeOnLoad (0ms)
				EditorAssembliesLoaded (0ms)
			ExecutionOrderSort2 (0ms)
			AwakeInstancesAfterBackupRestoration (0ms)
Platform modules already initialized, skipping
Registering precompiled user dll's ...
Registered in 0.005646 seconds.
Begin MonoManager ReloadAssembly
Native extension for WindowsStandalone target not found
Refreshing native plugins compatible for Editor in 0.33 ms, found 2 plugins.
Preloading 0 native plugins for Editor in 0.00 ms.
Mono: successfully reloaded assembly
- Completed reload, in  1.297 seconds
Domain Reload Profiling:
	ReloadAssembly (1298ms)
		BeginReloadAssembly (216ms)
			ExecutionOrderSort (0ms)
			DisableScriptedObjects (5ms)
			BackupInstance (0ms)
			ReleaseScriptingObjects (0ms)
			CreateAndSetChildDomain (21ms)
		EndReloadAssembly (953ms)
			LoadAssemblies (205ms)
			RebuildTransferFunctionScriptingTraits (0ms)
			SetupTypeCache (330ms)
			ReleaseScriptCaches (0ms)
			RebuildScriptCaches (48ms)
			SetupLoadedEditorAssemblies (319ms)
				LogAssemblyErrors (0ms)
				InitializePlatformSupportModulesInManaged (5ms)
				SetLoadedEditorAssemblies (1ms)
				RefreshPlugins (0ms)
				BeforeProcessingInitializeOnLoad (66ms)
				ProcessInitializeOnLoadAttributes (228ms)
				ProcessInitializeOnLoadMethodAttributes (10ms)
				AfterProcessingInitializeOnLoad (8ms)
				EditorAssembliesLoaded (0ms)
			ExecutionOrderSort2 (0ms)
			AwakeInstancesAfterBackupRestoration (8ms)
Platform modules already initialized, skipping
========================================================================
Worker process is ready to serve import requests
Launched and connected shader compiler UnityShaderCompiler.exe after 0.06 seconds
Refreshing native plugins compatible for Editor in 0.37 ms, found 2 plugins.
Preloading 0 native plugins for Editor in 0.00 ms.
Unloading 1532 Unused Serialized files (Serialized files now loaded: 0)
System memory in use before: 89.7 MB.
System memory in use after: 89.7 MB.

Unloading 15 unused Assets to reduce memory usage. Loaded Objects now: 1993.
Total: 2.954300 ms (FindLiveObjects: 0.134500 ms CreateObjectMapping: 0.058600 ms MarkObjects: 2.644000 ms  DeleteObjects: 0.116500 ms)

AssetImportParameters requested are different than current active one (requested -> active):
  custom:framework-win-MediaFoundation: 216162199b28c13a410421893ffa2e32 -> 
  custom:video-decoder-ogg-theora: a1e56fd34408186e4bbccfd4996cb3dc -> 
  custom:container-muxer-webm: aa71ff27fc2769a1b78a27578f13a17b -> 
  custom:container-demuxer-webm: 4f35f7cbe854078d1ac9338744f61a02 -> 
  custom:container-demuxer-ogg: 62fdf1f143b41e24485cea50d1cbac27 -> 
  custom:video-encoder-webm-vp8: eb34c28f22e8b96e1ab97ce403110664 -> 
  custom:video-decoder-webm-vp8: 9c59270c3fd7afecdb556c50c9e8de78 -> 
  custom:audio-decoder-ogg-vorbis: bf7c407c2cedff20999df2af8eb42d56 -> 
  custom:audio-encoder-webm-vorbis: bf7c407c2cedff20999df2af8eb42d56 -> 
========================================================================
Received Import Request.
  path: Assets/dfsdfdfdf.max
  artifactKey: Guid(445bb9d189d6387449dca491aee41138) Importer(815301076,1909f56bfc062723c751e8b465ee728b)
Start importing Assets/dfsdfdfdf.max using Guid(445bb9d189d6387449dca491aee41138) Importer(815301076,1909f56bfc062723c751e8b465ee728b)  -> (artifact id: 'aa7aa8daf767886f88b38d5732162e71') in 0.068255 seconds 
========================================================================
Received Import Request.
  Time since last request: 6.469633 seconds.
  path: Assets/dd.unity
  artifactKey: Guid(f43557c75fb05a74b87a7a4a88b2b7bd) Importer(815301076,1909f56bfc062723c751e8b465ee728b)
Start importing Assets/dd.unity using Guid(f43557c75fb05a74b87a7a4a88b2b7bd) Importer(815301076,1909f56bfc062723c751e8b465ee728b)  -> (artifact id: 'df4075417ea960c548cac9d4a3e1a369') in 0.009407 seconds 
========================================================================
Received Import Request.
  Time since last request: 3.624290 seconds.
  path: Assets/Week05_Animation_Finished
  artifactKey: Guid(28f336c0ba06c3648854c949334fb021) Importer(815301076,1909f56bfc062723c751e8b465ee728b)
Start importing Assets/Week05_Animation_Finished using Guid(28f336c0ba06c3648854c949334fb021) Importer(815301076,1909f56bfc062723c751e8b465ee728b)  -> (artifact id: 'ee437d0c6e5db40ece652b72e9def8bb') in 0.012666 seconds 
========================================================================
Received Import Request.
  Time since last request: 33.244601 seconds.
  path: Assets/New Material.mat
  artifactKey: Guid(cc801e952bf59cd44973da09cd00f01c) Importer(815301076,1909f56bfc062723c751e8b465ee728b)
Start importing Assets/New Material.mat using Guid(cc801e952bf59cd44973da09cd00f01c) Importer(815301076,1909f56bfc062723c751e8b465ee728b)  -> (artifact id: '15f50164658c290ed356232f654d7b8d') in 0.133539 seconds 
========================================================================
Received Import Request.
  Time since last request: 61.501595 seconds.
  path: Assets/Scenes/dfsdfdfdf.max
  artifactKey: Guid(22452e1abfba9504780bb7c2903f7f69) Importer(815301076,1909f56bfc062723c751e8b465ee728b)
Start importing Assets/Scenes/dfsdfdfdf.max using Guid(22452e1abfba9504780bb7c2903f7f69) Importer(815301076,1909f56bfc062723c751e8b465ee728b)  -> (artifact id: '1a4422cf13eccbd8adbd1e3004c0f5b0') in 0.007495 seconds 
========================================================================
Received Import Request.
  Time since last request: 37.091721 seconds.
  path: Assets/Materials/123123123123.mat
  artifactKey: Guid(7dc417282abcfe743a9111052111094e) Importer(815301076,1909f56bfc062723c751e8b465ee728b)
Start importing Assets/Materials/123123123123.mat using Guid(7dc417282abcfe743a9111052111094e) Importer(815301076,1909f56bfc062723c751e8b465ee728b)  -> (artifact id: '62f1f9ee5d6e63cd8a1f5f4e228893f7') in 0.018368 seconds 
========================================================================
Received Import Request.
  Time since last request: 114.647010 seconds.
  path: Assets/dfsdfdfdf 1.max
  artifactKey: Guid(1523f21d353cae14c817c98accb7158a) Importer(815301076,1909f56bfc062723c751e8b465ee728b)
Start importing Assets/dfsdfdfdf 1.max using Guid(1523f21d353cae14c817c98accb7158a) Importer(815301076,1909f56bfc062723c751e8b465ee728b)  -> (artifact id: '9961c522d9a358e1376d745063fe240b') in 0.014955 seconds 
